05-Mar-2022 14:46:21.747 INFO [main] org.apache.catalina.startup.VersionLoggerListener.log Server version name:   Apache Tomcat/8.5.76
05-Mar-2022 14:46:21.749 INFO [main] org.apache.catalina.startup.VersionLoggerListener.log Server built:          Feb 23 2022 17:59:11 UTC
05-Mar-2022 14:46:21.749 INFO [main] org.apache.catalina.startup.VersionLoggerListener.log Server version number: 8.5.76.0
05-Mar-2022 14:46:21.749 INFO [main] org.apache.catalina.startup.VersionLoggerListener.log OS Name:               Linux
05-Mar-2022 14:46:21.749 INFO [main] org.apache.catalina.startup.VersionLoggerListener.log OS Version:            5.11.22-100.fc32.x86_64
05-Mar-2022 14:46:21.749 INFO [main] org.apache.catalina.startup.VersionLoggerListener.log Architecture:          amd64
05-Mar-2022 14:46:21.749 INFO [main] org.apache.catalina.startup.VersionLoggerListener.log Java Home:             /usr/lib/jvm/java-1.8.0-openjdk-1.8.0.292.b10-0.fc32.x86_64/jre
05-Mar-2022 14:46:21.749 INFO [main] org.apache.catalina.startup.VersionLoggerListener.log JVM Version:           1.8.0_292-b10
05-Mar-2022 14:46:21.749 INFO [main] org.apache.catalina.startup.VersionLoggerListener.log JVM Vendor:            Red Hat, Inc.
05-Mar-2022 14:46:21.749 INFO [main] org.apache.catalina.startup.VersionLoggerListener.log CATALINA_BASE:         /home/pict/31238/te_assn/WTL/Assignment5/apache-tomcat-8.5.76
05-Mar-2022 14:46:21.749 INFO [main] org.apache.catalina.startup.VersionLoggerListener.log CATALINA_HOME:         /home/pict/31238/te_assn/WTL/Assignment5/apache-tomcat-8.5.76
05-Mar-2022 14:46:21.750 INFO [main] org.apache.catalina.startup.VersionLoggerListener.log Command line argument: -Djava.util.logging.config.file=/home/pict/31238/te_assn/WTL/Assignment5/apache-tomcat-8.5.76/conf/logging.properties
05-Mar-2022 14:46:21.750 INFO [main] org.apache.catalina.startup.VersionLoggerListener.log Command line argument: -Djava.util.logging.manager=org.apache.juli.ClassLoaderLogManager
05-Mar-2022 14:46:21.750 INFO [main] org.apache.catalina.startup.VersionLoggerListener.log Command line argument: -Djdk.tls.ephemeralDHKeySize=2048
05-Mar-2022 14:46:21.750 INFO [main] org.apache.catalina.startup.VersionLoggerListener.log Command line argument: -Djava.protocol.handler.pkgs=org.apache.catalina.webresources
05-Mar-2022 14:46:21.750 INFO [main] org.apache.catalina.startup.VersionLoggerListener.log Command line argument: -Dorg.apache.catalina.security.SecurityListener.UMASK=0027
05-Mar-2022 14:46:21.750 INFO [main] org.apache.catalina.startup.VersionLoggerListener.log Command line argument: -Dignore.endorsed.dirs=
05-Mar-2022 14:46:21.750 INFO [main] org.apache.catalina.startup.VersionLoggerListener.log Command line argument: -Dcatalina.base=/home/pict/31238/te_assn/WTL/Assignment5/apache-tomcat-8.5.76
05-Mar-2022 14:46:21.750 INFO [main] org.apache.catalina.startup.VersionLoggerListener.log Command line argument: -Dcatalina.home=/home/pict/31238/te_assn/WTL/Assignment5/apache-tomcat-8.5.76
05-Mar-2022 14:46:21.750 INFO [main] org.apache.catalina.startup.VersionLoggerListener.log Command line argument: -Djava.io.tmpdir=/home/pict/31238/te_assn/WTL/Assignment5/apache-tomcat-8.5.76/temp
05-Mar-2022 14:46:21.750 INFO [main] org.apache.catalina.core.AprLifecycleListener.lifecycleEvent The Apache Tomcat Native library which allows using OpenSSL was not found on the java.library.path: [/usr/java/packages/lib/amd64:/usr/lib64:/lib64:/lib:/usr/lib]
05-Mar-2022 14:46:22.093 INFO [main] org.apache.coyote.AbstractProtocol.init Initializing ProtocolHandler ["http-nio-8080"]
05-Mar-2022 14:46:22.115 INFO [main] org.apache.catalina.startup.Catalina.load Initialization processed in 992 ms
05-Mar-2022 14:46:22.184 INFO [main] org.apache.catalina.core.StandardService.startInternal Starting service [Catalina]
05-Mar-2022 14:46:22.184 INFO [main] org.apache.catalina.core.StandardEngine.startInternal Starting Servlet engine: [Apache Tomcat/8.5.76]
05-Mar-2022 14:46:22.211 INFO [localhost-startStop-1] org.apache.catalina.startup.HostConfig.deployDirectory Deploying web application directory [/home/pict/31238/te_assn/WTL/Assignment5/apache-tomcat-8.5.76/webapps/ROOT]
05-Mar-2022 14:46:22.450 INFO [localhost-startStop-1] org.apache.catalina.startup.HostConfig.deployDirectory Deployment of web application directory [/home/pict/31238/te_assn/WTL/Assignment5/apache-tomcat-8.5.76/webapps/ROOT] has finished in [238] ms
05-Mar-2022 14:46:22.450 INFO [localhost-startStop-1] org.apache.catalina.startup.HostConfig.deployDirectory Deploying web application directory [/home/pict/31238/te_assn/WTL/Assignment5/apache-tomcat-8.5.76/webapps/host-manager]
05-Mar-2022 14:46:22.469 INFO [localhost-startStop-1] org.apache.catalina.startup.HostConfig.deployDirectory Deployment of web application directory [/home/pict/31238/te_assn/WTL/Assignment5/apache-tomcat-8.5.76/webapps/host-manager] has finished in [19] ms
05-Mar-2022 14:46:22.469 INFO [localhost-startStop-1] org.apache.catalina.startup.HostConfig.deployDirectory Deploying web application directory [/home/pict/31238/te_assn/WTL/Assignment5/apache-tomcat-8.5.76/webapps/examples]
05-Mar-2022 14:46:22.599 INFO [localhost-startStop-1] org.apache.catalina.startup.HostConfig.deployDirectory Deployment of web application directory [/home/pict/31238/te_assn/WTL/Assignment5/apache-tomcat-8.5.76/webapps/examples] has finished in [130] ms
05-Mar-2022 14:46:22.599 INFO [localhost-startStop-1] org.apache.catalina.startup.HostConfig.deployDirectory Deploying web application directory [/home/pict/31238/te_assn/WTL/Assignment5/apache-tomcat-8.5.76/webapps/manager]
05-Mar-2022 14:46:22.611 INFO [localhost-startStop-1] org.apache.catalina.startup.HostConfig.deployDirectory Deployment of web application directory [/home/pict/31238/te_assn/WTL/Assignment5/apache-tomcat-8.5.76/webapps/manager] has finished in [12] ms
05-Mar-2022 14:46:22.612 INFO [localhost-startStop-1] org.apache.catalina.startup.HostConfig.deployDirectory Deploying web application directory [/home/pict/31238/te_assn/WTL/Assignment5/apache-tomcat-8.5.76/webapps/docs]
05-Mar-2022 14:46:22.620 INFO [localhost-startStop-1] org.apache.catalina.startup.HostConfig.deployDirectory Deployment of web application directory [/home/pict/31238/te_assn/WTL/Assignment5/apache-tomcat-8.5.76/webapps/docs] has finished in [8] ms
05-Mar-2022 14:46:22.622 INFO [main] org.apache.coyote.AbstractProtocol.start Starting ProtocolHandler ["http-nio-8080"]
05-Mar-2022 14:46:22.647 INFO [main] org.apache.catalina.startup.Catalina.start Server startup in 531 ms
05-Mar-2022 14:48:42.656 INFO [ContainerBackgroundProcessor[StandardEngine[Catalina]]] org.apache.catalina.startup.HostConfig.reload Reloading context []
05-Mar-2022 14:48:42.656 INFO [ContainerBackgroundProcessor[StandardEngine[Catalina]]] org.apache.catalina.core.StandardContext.reload Reloading Context with name [] has started
05-Mar-2022 14:48:42.676 INFO [ContainerBackgroundProcessor[StandardEngine[Catalina]]] org.apache.catalina.core.StandardContext.reload Reloading Context with name [] is completed
05-Mar-2022 14:49:32.920 INFO [main] org.apache.catalina.startup.VersionLoggerListener.log Server version name:   Apache Tomcat/8.5.76
05-Mar-2022 14:49:32.922 INFO [main] org.apache.catalina.startup.VersionLoggerListener.log Server built:          Feb 23 2022 17:59:11 UTC
05-Mar-2022 14:49:32.922 INFO [main] org.apache.catalina.startup.VersionLoggerListener.log Server version number: 8.5.76.0
05-Mar-2022 14:49:32.922 INFO [main] org.apache.catalina.startup.VersionLoggerListener.log OS Name:               Linux
05-Mar-2022 14:49:32.922 INFO [main] org.apache.catalina.startup.VersionLoggerListener.log OS Version:            5.11.22-100.fc32.x86_64
05-Mar-2022 14:49:32.922 INFO [main] org.apache.catalina.startup.VersionLoggerListener.log Architecture:          amd64
05-Mar-2022 14:49:32.922 INFO [main] org.apache.catalina.startup.VersionLoggerListener.log Java Home:             /usr/lib/jvm/java-1.8.0-openjdk-1.8.0.292.b10-0.fc32.x86_64/jre
05-Mar-2022 14:49:32.922 INFO [main] org.apache.catalina.startup.VersionLoggerListener.log JVM Version:           1.8.0_292-b10
05-Mar-2022 14:49:32.922 INFO [main] org.apache.catalina.startup.VersionLoggerListener.log JVM Vendor:            Red Hat, Inc.
05-Mar-2022 14:49:32.922 INFO [main] org.apache.catalina.startup.VersionLoggerListener.log CATALINA_BASE:         /home/pict/31238/te_assn/WTL/Assignment5/apache-tomcat-8.5.76
05-Mar-2022 14:49:32.922 INFO [main] org.apache.catalina.startup.VersionLoggerListener.log CATALINA_HOME:         /home/pict/31238/te_assn/WTL/Assignment5/apache-tomcat-8.5.76
05-Mar-2022 14:49:32.922 INFO [main] org.apache.catalina.startup.VersionLoggerListener.log Command line argument: -Djava.util.logging.config.file=/home/pict/31238/te_assn/WTL/Assignment5/apache-tomcat-8.5.76/conf/logging.properties
05-Mar-2022 14:49:32.923 INFO [main] org.apache.catalina.startup.VersionLoggerListener.log Command line argument: -Djava.util.logging.manager=org.apache.juli.ClassLoaderLogManager
05-Mar-2022 14:49:32.923 INFO [main] org.apache.catalina.startup.VersionLoggerListener.log Command line argument: -Djdk.tls.ephemeralDHKeySize=2048
05-Mar-2022 14:49:32.923 INFO [main] org.apache.catalina.startup.VersionLoggerListener.log Command line argument: -Djava.protocol.handler.pkgs=org.apache.catalina.webresources
05-Mar-2022 14:49:32.923 INFO [main] org.apache.catalina.startup.VersionLoggerListener.log Command line argument: -Dorg.apache.catalina.security.SecurityListener.UMASK=0027
05-Mar-2022 14:49:32.923 INFO [main] org.apache.catalina.startup.VersionLoggerListener.log Command line argument: -Dignore.endorsed.dirs=
05-Mar-2022 14:49:32.923 INFO [main] org.apache.catalina.startup.VersionLoggerListener.log Command line argument: -Dcatalina.base=/home/pict/31238/te_assn/WTL/Assignment5/apache-tomcat-8.5.76
05-Mar-2022 14:49:32.923 INFO [main] org.apache.catalina.startup.VersionLoggerListener.log Command line argument: -Dcatalina.home=/home/pict/31238/te_assn/WTL/Assignment5/apache-tomcat-8.5.76
05-Mar-2022 14:49:32.923 INFO [main] org.apache.catalina.startup.VersionLoggerListener.log Command line argument: -Djava.io.tmpdir=/home/pict/31238/te_assn/WTL/Assignment5/apache-tomcat-8.5.76/temp
05-Mar-2022 14:49:32.923 INFO [main] org.apache.catalina.core.AprLifecycleListener.lifecycleEvent The Apache Tomcat Native library which allows using OpenSSL was not found on the java.library.path: [/usr/java/packages/lib/amd64:/usr/lib64:/lib64:/lib:/usr/lib]
05-Mar-2022 14:49:32.970 INFO [main] org.apache.coyote.AbstractProtocol.init Initializing ProtocolHandler ["http-nio-8080"]
05-Mar-2022 14:49:32.977 SEVERE [main] org.apache.catalina.core.StandardService.initInternal Failed to initialize connector [Connector[HTTP/1.1-8080]]
	org.apache.catalina.LifecycleException: Protocol handler initialization failed
		at org.apache.catalina.connector.Connector.initInternal(Connector.java:1114)
		at org.apache.catalina.util.LifecycleBase.init(LifecycleBase.java:136)
		at org.apache.catalina.core.StandardService.initInternal(StandardService.java:571)
		at org.apache.catalina.util.LifecycleBase.init(LifecycleBase.java:136)
		at org.apache.catalina.core.StandardServer.initInternal(StandardServer.java:874)
		at org.apache.catalina.util.LifecycleBase.init(LifecycleBase.java:136)
		at org.apache.catalina.startup.Catalina.load(Catalina.java:646)
		at org.apache.catalina.startup.Catalina.load(Catalina.java:669)
		at sun.reflect.NativeMethodAccessorImpl.invoke0(Native Method)
		at sun.reflect.NativeMethodAccessorImpl.invoke(NativeMethodAccessorImpl.java:62)
		at sun.reflect.DelegatingMethodAccessorImpl.invoke(DelegatingMethodAccessorImpl.java:43)
		at java.lang.reflect.Method.invoke(Method.java:498)
		at org.apache.catalina.startup.Bootstrap.load(Bootstrap.java:305)
		at org.apache.catalina.startup.Bootstrap.main(Bootstrap.java:475)
	Caused by: java.net.BindException: Address already in use
		at sun.nio.ch.Net.bind0(Native Method)
		at sun.nio.ch.Net.bind(Net.java:461)
		at sun.nio.ch.Net.bind(Net.java:453)
		at sun.nio.ch.ServerSocketChannelImpl.bind(ServerSocketChannelImpl.java:222)
		at sun.nio.ch.ServerSocketAdaptor.bind(ServerSocketAdaptor.java:85)
		at org.apache.tomcat.util.net.NioEndpoint.initServerSocket(NioEndpoint.java:224)
		at org.apache.tomcat.util.net.NioEndpoint.bind(NioEndpoint.java:200)
		at org.apache.tomcat.util.net.AbstractEndpoint.bindWithCleanup(AbstractEndpoint.java:1221)
		at org.apache.tomcat.util.net.AbstractEndpoint.init(AbstractEndpoint.java:1234)
		at org.apache.tomcat.util.net.AbstractJsseEndpoint.init(AbstractJsseEndpoint.java:222)
		at org.apache.coyote.AbstractProtocol.init(AbstractProtocol.java:633)
		at org.apache.coyote.http11.AbstractHttp11Protocol.init(AbstractHttp11Protocol.java:80)
		at org.apache.catalina.connector.Connector.initInternal(Connector.java:1111)
		... 13 more
05-Mar-2022 14:49:32.978 INFO [main] org.apache.catalina.startup.Catalina.load Initialization processed in 348 ms
05-Mar-2022 14:49:32.997 INFO [main] org.apache.catalina.core.StandardService.startInternal Starting service [Catalina]
05-Mar-2022 14:49:32.997 INFO [main] org.apache.catalina.core.StandardEngine.startInternal Starting Servlet engine: [Apache Tomcat/8.5.76]
05-Mar-2022 14:49:33.004 INFO [localhost-startStop-1] org.apache.catalina.startup.HostConfig.deployDirectory Deploying web application directory [/home/pict/31238/te_assn/WTL/Assignment5/apache-tomcat-8.5.76/webapps/ROOT]
05-Mar-2022 14:49:33.164 INFO [localhost-startStop-1] org.apache.catalina.startup.HostConfig.deployDirectory Deployment of web application directory [/home/pict/31238/te_assn/WTL/Assignment5/apache-tomcat-8.5.76/webapps/ROOT] has finished in [152] ms
05-Mar-2022 14:49:33.164 INFO [localhost-startStop-1] org.apache.catalina.startup.HostConfig.deployDirectory Deploying web application directory [/home/pict/31238/te_assn/WTL/Assignment5/apache-tomcat-8.5.76/webapps/host-manager]
05-Mar-2022 14:49:33.184 INFO [localhost-startStop-1] org.apache.catalina.startup.HostConfig.deployDirectory Deployment of web application directory [/home/pict/31238/te_assn/WTL/Assignment5/apache-tomcat-8.5.76/webapps/host-manager] has finished in [20] ms
05-Mar-2022 14:49:33.184 INFO [localhost-startStop-1] org.apache.catalina.startup.HostConfig.deployDirectory Deploying web application directory [/home/pict/31238/te_assn/WTL/Assignment5/apache-tomcat-8.5.76/webapps/examples]
05-Mar-2022 14:49:33.309 INFO [localhost-startStop-1] org.apache.catalina.startup.HostConfig.deployDirectory Deployment of web application directory [/home/pict/31238/te_assn/WTL/Assignment5/apache-tomcat-8.5.76/webapps/examples] has finished in [125] ms
05-Mar-2022 14:49:33.309 INFO [localhost-startStop-1] org.apache.catalina.startup.HostConfig.deployDirectory Deploying web application directory [/home/pict/31238/te_assn/WTL/Assignment5/apache-tomcat-8.5.76/webapps/manager]
05-Mar-2022 14:49:33.321 INFO [localhost-startStop-1] org.apache.catalina.startup.HostConfig.deployDirectory Deployment of web application directory [/home/pict/31238/te_assn/WTL/Assignment5/apache-tomcat-8.5.76/webapps/manager] has finished in [12] ms
05-Mar-2022 14:49:33.321 INFO [localhost-startStop-1] org.apache.catalina.startup.HostConfig.deployDirectory Deploying web application directory [/home/pict/31238/te_assn/WTL/Assignment5/apache-tomcat-8.5.76/webapps/docs]
05-Mar-2022 14:49:33.329 INFO [localhost-startStop-1] org.apache.catalina.startup.HostConfig.deployDirectory Deployment of web application directory [/home/pict/31238/te_assn/WTL/Assignment5/apache-tomcat-8.5.76/webapps/docs] has finished in [8] ms
05-Mar-2022 14:49:33.331 INFO [main] org.apache.catalina.startup.Catalina.start Server startup in 352 ms
05-Mar-2022 14:49:33.332 SEVERE [main] org.apache.catalina.core.StandardServer.await Failed to create server shutdown socket on address [localhost] and port [8005] (base port [8005] and offset [0])
	java.net.BindException: Address already in use (Bind failed)
		at java.net.PlainSocketImpl.socketBind(Native Method)
		at java.net.AbstractPlainSocketImpl.bind(AbstractPlainSocketImpl.java:387)
		at java.net.ServerSocket.bind(ServerSocket.java:390)
		at java.net.ServerSocket.<init>(ServerSocket.java:252)
		at org.apache.catalina.core.StandardServer.await(StandardServer.java:446)
		at org.apache.catalina.startup.Catalina.await(Catalina.java:783)
		at org.apache.catalina.startup.Catalina.start(Catalina.java:729)
		at sun.reflect.NativeMethodAccessorImpl.invoke0(Native Method)
		at sun.reflect.NativeMethodAccessorImpl.invoke(NativeMethodAccessorImpl.java:62)
		at sun.reflect.DelegatingMethodAccessorImpl.invoke(DelegatingMethodAccessorImpl.java:43)
		at java.lang.reflect.Method.invoke(Method.java:498)
		at org.apache.catalina.startup.Bootstrap.start(Bootstrap.java:345)
		at org.apache.catalina.startup.Bootstrap.main(Bootstrap.java:476)
05-Mar-2022 14:49:33.332 INFO [main] org.apache.coyote.AbstractProtocol.pause Pausing ProtocolHandler ["http-nio-8080"]
05-Mar-2022 14:49:33.332 INFO [main] org.apache.catalina.core.StandardService.stopInternal Stopping service [Catalina]
05-Mar-2022 14:49:33.347 INFO [main] org.apache.coyote.AbstractProtocol.stop Stopping ProtocolHandler ["http-nio-8080"]
05-Mar-2022 14:49:33.348 INFO [main] org.apache.coyote.AbstractProtocol.destroy Destroying ProtocolHandler ["http-nio-8080"]
05-Mar-2022 14:49:49.481 INFO [main] org.apache.catalina.core.StandardServer.await A valid shutdown command was received via the shutdown port. Stopping the Server instance.
05-Mar-2022 14:49:49.481 INFO [main] org.apache.coyote.AbstractProtocol.pause Pausing ProtocolHandler ["http-nio-8080"]
05-Mar-2022 14:49:49.483 INFO [main] org.apache.catalina.core.StandardService.stopInternal Stopping service [Catalina]
05-Mar-2022 14:49:49.493 INFO [main] org.apache.coyote.AbstractProtocol.stop Stopping ProtocolHandler ["http-nio-8080"]
05-Mar-2022 14:49:49.496 INFO [main] org.apache.coyote.AbstractProtocol.destroy Destroying ProtocolHandler ["http-nio-8080"]
05-Mar-2022 14:49:51.512 INFO [main] org.apache.catalina.startup.VersionLoggerListener.log Server version name:   Apache Tomcat/8.5.76
05-Mar-2022 14:49:51.514 INFO [main] org.apache.catalina.startup.VersionLoggerListener.log Server built:          Feb 23 2022 17:59:11 UTC
05-Mar-2022 14:49:51.514 INFO [main] org.apache.catalina.startup.VersionLoggerListener.log Server version number: 8.5.76.0
05-Mar-2022 14:49:51.514 INFO [main] org.apache.catalina.startup.VersionLoggerListener.log OS Name:               Linux
05-Mar-2022 14:49:51.514 INFO [main] org.apache.catalina.startup.VersionLoggerListener.log OS Version:            5.11.22-100.fc32.x86_64
05-Mar-2022 14:49:51.514 INFO [main] org.apache.catalina.startup.VersionLoggerListener.log Architecture:          amd64
05-Mar-2022 14:49:51.515 INFO [main] org.apache.catalina.startup.VersionLoggerListener.log Java Home:             /usr/lib/jvm/java-1.8.0-openjdk-1.8.0.292.b10-0.fc32.x86_64/jre
05-Mar-2022 14:49:51.515 INFO [main] org.apache.catalina.startup.VersionLoggerListener.log JVM Version:           1.8.0_292-b10
05-Mar-2022 14:49:51.515 INFO [main] org.apache.catalina.startup.VersionLoggerListener.log JVM Vendor:            Red Hat, Inc.
05-Mar-2022 14:49:51.515 INFO [main] org.apache.catalina.startup.VersionLoggerListener.log CATALINA_BASE:         /home/pict/31238/te_assn/WTL/Assignment5/apache-tomcat-8.5.76
05-Mar-2022 14:49:51.515 INFO [main] org.apache.catalina.startup.VersionLoggerListener.log CATALINA_HOME:         /home/pict/31238/te_assn/WTL/Assignment5/apache-tomcat-8.5.76
05-Mar-2022 14:49:51.515 INFO [main] org.apache.catalina.startup.VersionLoggerListener.log Command line argument: -Djava.util.logging.config.file=/home/pict/31238/te_assn/WTL/Assignment5/apache-tomcat-8.5.76/conf/logging.properties
05-Mar-2022 14:49:51.515 INFO [main] org.apache.catalina.startup.VersionLoggerListener.log Command line argument: -Djava.util.logging.manager=org.apache.juli.ClassLoaderLogManager
05-Mar-2022 14:49:51.515 INFO [main] org.apache.catalina.startup.VersionLoggerListener.log Command line argument: -Djdk.tls.ephemeralDHKeySize=2048
05-Mar-2022 14:49:51.515 INFO [main] org.apache.catalina.startup.VersionLoggerListener.log Command line argument: -Djava.protocol.handler.pkgs=org.apache.catalina.webresources
05-Mar-2022 14:49:51.515 INFO [main] org.apache.catalina.startup.VersionLoggerListener.log Command line argument: -Dorg.apache.catalina.security.SecurityListener.UMASK=0027
05-Mar-2022 14:49:51.515 INFO [main] org.apache.catalina.startup.VersionLoggerListener.log Command line argument: -Dignore.endorsed.dirs=
05-Mar-2022 14:49:51.515 INFO [main] org.apache.catalina.startup.VersionLoggerListener.log Command line argument: -Dcatalina.base=/home/pict/31238/te_assn/WTL/Assignment5/apache-tomcat-8.5.76
05-Mar-2022 14:49:51.515 INFO [main] org.apache.catalina.startup.VersionLoggerListener.log Command line argument: -Dcatalina.home=/home/pict/31238/te_assn/WTL/Assignment5/apache-tomcat-8.5.76
05-Mar-2022 14:49:51.515 INFO [main] org.apache.catalina.startup.VersionLoggerListener.log Command line argument: -Djava.io.tmpdir=/home/pict/31238/te_assn/WTL/Assignment5/apache-tomcat-8.5.76/temp
05-Mar-2022 14:49:51.515 INFO [main] org.apache.catalina.core.AprLifecycleListener.lifecycleEvent The Apache Tomcat Native library which allows using OpenSSL was not found on the java.library.path: [/usr/java/packages/lib/amd64:/usr/lib64:/lib64:/lib:/usr/lib]
05-Mar-2022 14:49:51.564 INFO [main] org.apache.coyote.AbstractProtocol.init Initializing ProtocolHandler ["http-nio-8080"]
05-Mar-2022 14:49:51.577 INFO [main] org.apache.catalina.startup.Catalina.load Initialization processed in 368 ms
05-Mar-2022 14:49:51.598 INFO [main] org.apache.catalina.core.StandardService.startInternal Starting service [Catalina]
05-Mar-2022 14:49:51.598 INFO [main] org.apache.catalina.core.StandardEngine.startInternal Starting Servlet engine: [Apache Tomcat/8.5.76]
05-Mar-2022 14:49:51.605 INFO [localhost-startStop-1] org.apache.catalina.startup.HostConfig.deployDirectory Deploying web application directory [/home/pict/31238/te_assn/WTL/Assignment5/apache-tomcat-8.5.76/webapps/ROOT]
05-Mar-2022 14:49:51.765 INFO [localhost-startStop-1] org.apache.catalina.startup.HostConfig.deployDirectory Deployment of web application directory [/home/pict/31238/te_assn/WTL/Assignment5/apache-tomcat-8.5.76/webapps/ROOT] has finished in [160] ms
05-Mar-2022 14:49:51.766 INFO [localhost-startStop-1] org.apache.catalina.startup.HostConfig.deployDirectory Deploying web application directory [/home/pict/31238/te_assn/WTL/Assignment5/apache-tomcat-8.5.76/webapps/host-manager]
05-Mar-2022 14:49:51.784 INFO [localhost-startStop-1] org.apache.catalina.startup.HostConfig.deployDirectory Deployment of web application directory [/home/pict/31238/te_assn/WTL/Assignment5/apache-tomcat-8.5.76/webapps/host-manager] has finished in [18] ms
05-Mar-2022 14:49:51.785 INFO [localhost-startStop-1] org.apache.catalina.startup.HostConfig.deployDirectory Deploying web application directory [/home/pict/31238/te_assn/WTL/Assignment5/apache-tomcat-8.5.76/webapps/examples]
05-Mar-2022 14:49:51.938 INFO [localhost-startStop-1] org.apache.catalina.startup.HostConfig.deployDirectory Deployment of web application directory [/home/pict/31238/te_assn/WTL/Assignment5/apache-tomcat-8.5.76/webapps/examples] has finished in [153] ms
05-Mar-2022 14:49:51.938 INFO [localhost-startStop-1] org.apache.catalina.startup.HostConfig.deployDirectory Deploying web application directory [/home/pict/31238/te_assn/WTL/Assignment5/apache-tomcat-8.5.76/webapps/manager]
05-Mar-2022 14:49:51.950 INFO [localhost-startStop-1] org.apache.catalina.startup.HostConfig.deployDirectory Deployment of web application directory [/home/pict/31238/te_assn/WTL/Assignment5/apache-tomcat-8.5.76/webapps/manager] has finished in [12] ms
05-Mar-2022 14:49:51.951 INFO [localhost-startStop-1] org.apache.catalina.startup.HostConfig.deployDirectory Deploying web application directory [/home/pict/31238/te_assn/WTL/Assignment5/apache-tomcat-8.5.76/webapps/docs]
05-Mar-2022 14:49:51.959 INFO [localhost-startStop-1] org.apache.catalina.startup.HostConfig.deployDirectory Deployment of web application directory [/home/pict/31238/te_assn/WTL/Assignment5/apache-tomcat-8.5.76/webapps/docs] has finished in [8] ms
05-Mar-2022 14:49:51.961 INFO [main] org.apache.coyote.AbstractProtocol.start Starting ProtocolHandler ["http-nio-8080"]
05-Mar-2022 14:49:51.985 INFO [main] org.apache.catalina.startup.Catalina.start Server startup in 407 ms
05-Mar-2022 14:50:51.979 INFO [ContainerBackgroundProcessor[StandardEngine[Catalina]]] org.apache.catalina.startup.HostConfig.reload Reloading context []
05-Mar-2022 14:50:51.980 INFO [ContainerBackgroundProcessor[StandardEngine[Catalina]]] org.apache.catalina.core.StandardContext.reload Reloading Context with name [] has started
05-Mar-2022 14:50:52.020 INFO [ContainerBackgroundProcessor[StandardEngine[Catalina]]] org.apache.catalina.core.StandardContext.reload Reloading Context with name [] is completed
05-Mar-2022 14:52:39.436 INFO [main] org.apache.catalina.core.StandardServer.await A valid shutdown command was received via the shutdown port. Stopping the Server instance.
05-Mar-2022 14:52:39.436 INFO [main] org.apache.coyote.AbstractProtocol.pause Pausing ProtocolHandler ["http-nio-8080"]
05-Mar-2022 14:52:39.438 INFO [main] org.apache.catalina.core.StandardService.stopInternal Stopping service [Catalina]
05-Mar-2022 14:52:39.451 INFO [main] org.apache.coyote.AbstractProtocol.stop Stopping ProtocolHandler ["http-nio-8080"]
05-Mar-2022 14:52:39.461 INFO [main] org.apache.coyote.AbstractProtocol.destroy Destroying ProtocolHandler ["http-nio-8080"]
05-Mar-2022 14:52:51.819 INFO [main] org.apache.catalina.startup.VersionLoggerListener.log Server version name:   Apache Tomcat/8.5.76
05-Mar-2022 14:52:51.820 INFO [main] org.apache.catalina.startup.VersionLoggerListener.log Server built:          Feb 23 2022 17:59:11 UTC
05-Mar-2022 14:52:51.820 INFO [main] org.apache.catalina.startup.VersionLoggerListener.log Server version number: 8.5.76.0
05-Mar-2022 14:52:51.820 INFO [main] org.apache.catalina.startup.VersionLoggerListener.log OS Name:               Linux
05-Mar-2022 14:52:51.820 INFO [main] org.apache.catalina.startup.VersionLoggerListener.log OS Version:            5.11.22-100.fc32.x86_64
05-Mar-2022 14:52:51.820 INFO [main] org.apache.catalina.startup.VersionLoggerListener.log Architecture:          amd64
05-Mar-2022 14:52:51.820 INFO [main] org.apache.catalina.startup.VersionLoggerListener.log Java Home:             /usr/lib/jvm/java-1.8.0-openjdk-1.8.0.292.b10-0.fc32.x86_64/jre
05-Mar-2022 14:52:51.820 INFO [main] org.apache.catalina.startup.VersionLoggerListener.log JVM Version:           1.8.0_292-b10
05-Mar-2022 14:52:51.821 INFO [main] org.apache.catalina.startup.VersionLoggerListener.log JVM Vendor:            Red Hat, Inc.
05-Mar-2022 14:52:51.821 INFO [main] org.apache.catalina.startup.VersionLoggerListener.log CATALINA_BASE:         /home/pict/31238/te_assn/WTL/Assignment5/apache-tomcat-8.5.76
05-Mar-2022 14:52:51.821 INFO [main] org.apache.catalina.startup.VersionLoggerListener.log CATALINA_HOME:         /home/pict/31238/te_assn/WTL/Assignment5/apache-tomcat-8.5.76
05-Mar-2022 14:52:51.821 INFO [main] org.apache.catalina.startup.VersionLoggerListener.log Command line argument: -Djava.util.logging.config.file=/home/pict/31238/te_assn/WTL/Assignment5/apache-tomcat-8.5.76/conf/logging.properties
05-Mar-2022 14:52:51.821 INFO [main] org.apache.catalina.startup.VersionLoggerListener.log Command line argument: -Djava.util.logging.manager=org.apache.juli.ClassLoaderLogManager
05-Mar-2022 14:52:51.821 INFO [main] org.apache.catalina.startup.VersionLoggerListener.log Command line argument: -Djdk.tls.ephemeralDHKeySize=2048
05-Mar-2022 14:52:51.821 INFO [main] org.apache.catalina.startup.VersionLoggerListener.log Command line argument: -Djava.protocol.handler.pkgs=org.apache.catalina.webresources
05-Mar-2022 14:52:51.821 INFO [main] org.apache.catalina.startup.VersionLoggerListener.log Command line argument: -Dorg.apache.catalina.security.SecurityListener.UMASK=0027
05-Mar-2022 14:52:51.821 INFO [main] org.apache.catalina.startup.VersionLoggerListener.log Command line argument: -Dignore.endorsed.dirs=
05-Mar-2022 14:52:51.821 INFO [main] org.apache.catalina.startup.VersionLoggerListener.log Command line argument: -Dcatalina.base=/home/pict/31238/te_assn/WTL/Assignment5/apache-tomcat-8.5.76
05-Mar-2022 14:52:51.821 INFO [main] org.apache.catalina.startup.VersionLoggerListener.log Command line argument: -Dcatalina.home=/home/pict/31238/te_assn/WTL/Assignment5/apache-tomcat-8.5.76
05-Mar-2022 14:52:51.821 INFO [main] org.apache.catalina.startup.VersionLoggerListener.log Command line argument: -Djava.io.tmpdir=/home/pict/31238/te_assn/WTL/Assignment5/apache-tomcat-8.5.76/temp
05-Mar-2022 14:52:51.821 INFO [main] org.apache.catalina.core.AprLifecycleListener.lifecycleEvent The Apache Tomcat Native library which allows using OpenSSL was not found on the java.library.path: [/usr/java/packages/lib/amd64:/usr/lib64:/lib64:/lib:/usr/lib]
05-Mar-2022 14:52:51.869 INFO [main] org.apache.coyote.AbstractProtocol.init Initializing ProtocolHandler ["http-nio-8080"]
05-Mar-2022 14:52:51.883 INFO [main] org.apache.catalina.startup.Catalina.load Initialization processed in 356 ms
05-Mar-2022 14:52:51.903 INFO [main] org.apache.catalina.core.StandardService.startInternal Starting service [Catalina]
05-Mar-2022 14:52:51.903 INFO [main] org.apache.catalina.core.StandardEngine.startInternal Starting Servlet engine: [Apache Tomcat/8.5.76]
05-Mar-2022 14:52:51.909 INFO [localhost-startStop-1] org.apache.catalina.startup.HostConfig.deployDirectory Deploying web application directory [/home/pict/31238/te_assn/WTL/Assignment5/apache-tomcat-8.5.76/webapps/ROOT]
05-Mar-2022 14:52:52.065 INFO [localhost-startStop-1] org.apache.catalina.startup.HostConfig.deployDirectory Deployment of web application directory [/home/pict/31238/te_assn/WTL/Assignment5/apache-tomcat-8.5.76/webapps/ROOT] has finished in [148] ms
05-Mar-2022 14:52:52.066 INFO [localhost-startStop-1] org.apache.catalina.startup.HostConfig.deployDirectory Deploying web application directory [/home/pict/31238/te_assn/WTL/Assignment5/apache-tomcat-8.5.76/webapps/host-manager]
05-Mar-2022 14:52:52.085 INFO [localhost-startStop-1] org.apache.catalina.startup.HostConfig.deployDirectory Deployment of web application directory [/home/pict/31238/te_assn/WTL/Assignment5/apache-tomcat-8.5.76/webapps/host-manager] has finished in [19] ms
05-Mar-2022 14:52:52.085 INFO [localhost-startStop-1] org.apache.catalina.startup.HostConfig.deployDirectory Deploying web application directory [/home/pict/31238/te_assn/WTL/Assignment5/apache-tomcat-8.5.76/webapps/examples]
05-Mar-2022 14:52:52.211 INFO [localhost-startStop-1] org.apache.catalina.startup.HostConfig.deployDirectory Deployment of web application directory [/home/pict/31238/te_assn/WTL/Assignment5/apache-tomcat-8.5.76/webapps/examples] has finished in [126] ms
05-Mar-2022 14:52:52.212 INFO [localhost-startStop-1] org.apache.catalina.startup.HostConfig.deployDirectory Deploying web application directory [/home/pict/31238/te_assn/WTL/Assignment5/apache-tomcat-8.5.76/webapps/manager]
05-Mar-2022 14:52:52.223 INFO [localhost-startStop-1] org.apache.catalina.startup.HostConfig.deployDirectory Deployment of web application directory [/home/pict/31238/te_assn/WTL/Assignment5/apache-tomcat-8.5.76/webapps/manager] has finished in [11] ms
05-Mar-2022 14:52:52.223 INFO [localhost-startStop-1] org.apache.catalina.startup.HostConfig.deployDirectory Deploying web application directory [/home/pict/31238/te_assn/WTL/Assignment5/apache-tomcat-8.5.76/webapps/docs]
05-Mar-2022 14:52:52.231 INFO [localhost-startStop-1] org.apache.catalina.startup.HostConfig.deployDirectory Deployment of web application directory [/home/pict/31238/te_assn/WTL/Assignment5/apache-tomcat-8.5.76/webapps/docs] has finished in [8] ms
05-Mar-2022 14:52:52.233 INFO [main] org.apache.coyote.AbstractProtocol.start Starting ProtocolHandler ["http-nio-8080"]
05-Mar-2022 14:52:52.254 INFO [main] org.apache.catalina.startup.Catalina.start Server startup in 370 ms
05-Mar-2022 14:54:15.134 INFO [main] org.apache.catalina.core.StandardServer.await A valid shutdown command was received via the shutdown port. Stopping the Server instance.
05-Mar-2022 14:54:15.135 INFO [main] org.apache.coyote.AbstractProtocol.pause Pausing ProtocolHandler ["http-nio-8080"]
05-Mar-2022 14:54:15.137 INFO [main] org.apache.catalina.core.StandardService.stopInternal Stopping service [Catalina]
05-Mar-2022 14:54:15.153 INFO [main] org.apache.coyote.AbstractProtocol.stop Stopping ProtocolHandler ["http-nio-8080"]
05-Mar-2022 14:54:15.158 INFO [main] org.apache.coyote.AbstractProtocol.destroy Destroying ProtocolHandler ["http-nio-8080"]
05-Mar-2022 14:54:23.443 INFO [main] org.apache.catalina.startup.VersionLoggerListener.log Server version name:   Apache Tomcat/8.5.76
05-Mar-2022 14:54:23.445 INFO [main] org.apache.catalina.startup.VersionLoggerListener.log Server built:          Feb 23 2022 17:59:11 UTC
05-Mar-2022 14:54:23.445 INFO [main] org.apache.catalina.startup.VersionLoggerListener.log Server version number: 8.5.76.0
05-Mar-2022 14:54:23.445 INFO [main] org.apache.catalina.startup.VersionLoggerListener.log OS Name:               Linux
05-Mar-2022 14:54:23.445 INFO [main] org.apache.catalina.startup.VersionLoggerListener.log OS Version:            5.11.22-100.fc32.x86_64
05-Mar-2022 14:54:23.445 INFO [main] org.apache.catalina.startup.VersionLoggerListener.log Architecture:          amd64
05-Mar-2022 14:54:23.445 INFO [main] org.apache.catalina.startup.VersionLoggerListener.log Java Home:             /usr/lib/jvm/java-1.8.0-openjdk-1.8.0.292.b10-0.fc32.x86_64/jre
05-Mar-2022 14:54:23.445 INFO [main] org.apache.catalina.startup.VersionLoggerListener.log JVM Version:           1.8.0_292-b10
05-Mar-2022 14:54:23.445 INFO [main] org.apache.catalina.startup.VersionLoggerListener.log JVM Vendor:            Red Hat, Inc.
05-Mar-2022 14:54:23.445 INFO [main] org.apache.catalina.startup.VersionLoggerListener.log CATALINA_BASE:         /home/pict/31238/te_assn/WTL/Assignment5/apache-tomcat-8.5.76
05-Mar-2022 14:54:23.445 INFO [main] org.apache.catalina.startup.VersionLoggerListener.log CATALINA_HOME:         /home/pict/31238/te_assn/WTL/Assignment5/apache-tomcat-8.5.76
05-Mar-2022 14:54:23.445 INFO [main] org.apache.catalina.startup.VersionLoggerListener.log Command line argument: -Djava.util.logging.config.file=/home/pict/31238/te_assn/WTL/Assignment5/apache-tomcat-8.5.76/conf/logging.properties
05-Mar-2022 14:54:23.445 INFO [main] org.apache.catalina.startup.VersionLoggerListener.log Command line argument: -Djava.util.logging.manager=org.apache.juli.ClassLoaderLogManager
05-Mar-2022 14:54:23.445 INFO [main] org.apache.catalina.startup.VersionLoggerListener.log Command line argument: -Djdk.tls.ephemeralDHKeySize=2048
05-Mar-2022 14:54:23.446 INFO [main] org.apache.catalina.startup.VersionLoggerListener.log Command line argument: -Djava.protocol.handler.pkgs=org.apache.catalina.webresources
05-Mar-2022 14:54:23.446 INFO [main] org.apache.catalina.startup.VersionLoggerListener.log Command line argument: -Dorg.apache.catalina.security.SecurityListener.UMASK=0027
05-Mar-2022 14:54:23.446 INFO [main] org.apache.catalina.startup.VersionLoggerListener.log Command line argument: -Dignore.endorsed.dirs=
05-Mar-2022 14:54:23.446 INFO [main] org.apache.catalina.startup.VersionLoggerListener.log Command line argument: -Dcatalina.base=/home/pict/31238/te_assn/WTL/Assignment5/apache-tomcat-8.5.76
05-Mar-2022 14:54:23.446 INFO [main] org.apache.catalina.startup.VersionLoggerListener.log Command line argument: -Dcatalina.home=/home/pict/31238/te_assn/WTL/Assignment5/apache-tomcat-8.5.76
05-Mar-2022 14:54:23.446 INFO [main] org.apache.catalina.startup.VersionLoggerListener.log Command line argument: -Djava.io.tmpdir=/home/pict/31238/te_assn/WTL/Assignment5/apache-tomcat-8.5.76/temp
05-Mar-2022 14:54:23.446 INFO [main] org.apache.catalina.core.AprLifecycleListener.lifecycleEvent The Apache Tomcat Native library which allows using OpenSSL was not found on the java.library.path: [/usr/java/packages/lib/amd64:/usr/lib64:/lib64:/lib:/usr/lib]
05-Mar-2022 14:54:23.495 INFO [main] org.apache.coyote.AbstractProtocol.init Initializing ProtocolHandler ["http-nio-8080"]
05-Mar-2022 14:54:23.511 INFO [main] org.apache.catalina.startup.Catalina.load Initialization processed in 357 ms
05-Mar-2022 14:54:23.531 INFO [main] org.apache.catalina.core.StandardService.startInternal Starting service [Catalina]
05-Mar-2022 14:54:23.531 INFO [main] org.apache.catalina.core.StandardEngine.startInternal Starting Servlet engine: [Apache Tomcat/8.5.76]
05-Mar-2022 14:54:23.537 INFO [localhost-startStop-1] org.apache.catalina.startup.HostConfig.deployDirectory Deploying web application directory [/home/pict/31238/te_assn/WTL/Assignment5/apache-tomcat-8.5.76/webapps/ROOT]
05-Mar-2022 14:54:23.699 INFO [localhost-startStop-1] org.apache.catalina.startup.HostConfig.deployDirectory Deployment of web application directory [/home/pict/31238/te_assn/WTL/Assignment5/apache-tomcat-8.5.76/webapps/ROOT] has finished in [161] ms
05-Mar-2022 14:54:23.699 INFO [localhost-startStop-1] org.apache.catalina.startup.HostConfig.deployDirectory Deploying web application directory [/home/pict/31238/te_assn/WTL/Assignment5/apache-tomcat-8.5.76/webapps/host-manager]
05-Mar-2022 14:54:23.718 INFO [localhost-startStop-1] org.apache.catalina.startup.HostConfig.deployDirectory Deployment of web application directory [/home/pict/31238/te_assn/WTL/Assignment5/apache-tomcat-8.5.76/webapps/host-manager] has finished in [19] ms
05-Mar-2022 14:54:23.718 INFO [localhost-startStop-1] org.apache.catalina.startup.HostConfig.deployDirectory Deploying web application directory [/home/pict/31238/te_assn/WTL/Assignment5/apache-tomcat-8.5.76/webapps/examples]
05-Mar-2022 14:54:23.850 INFO [localhost-startStop-1] org.apache.catalina.startup.HostConfig.deployDirectory Deployment of web application directory [/home/pict/31238/te_assn/WTL/Assignment5/apache-tomcat-8.5.76/webapps/examples] has finished in [132] ms
05-Mar-2022 14:54:23.851 INFO [localhost-startStop-1] org.apache.catalina.startup.HostConfig.deployDirectory Deploying web application directory [/home/pict/31238/te_assn/WTL/Assignment5/apache-tomcat-8.5.76/webapps/manager]
05-Mar-2022 14:54:23.863 INFO [localhost-startStop-1] org.apache.catalina.startup.HostConfig.deployDirectory Deployment of web application directory [/home/pict/31238/te_assn/WTL/Assignment5/apache-tomcat-8.5.76/webapps/manager] has finished in [12] ms
05-Mar-2022 14:54:23.864 INFO [localhost-startStop-1] org.apache.catalina.startup.HostConfig.deployDirectory Deploying web application directory [/home/pict/31238/te_assn/WTL/Assignment5/apache-tomcat-8.5.76/webapps/docs]
05-Mar-2022 14:54:23.872 INFO [localhost-startStop-1] org.apache.catalina.startup.HostConfig.deployDirectory Deployment of web application directory [/home/pict/31238/te_assn/WTL/Assignment5/apache-tomcat-8.5.76/webapps/docs] has finished in [8] ms
05-Mar-2022 14:54:23.874 INFO [main] org.apache.coyote.AbstractProtocol.start Starting ProtocolHandler ["http-nio-8080"]
05-Mar-2022 14:54:23.892 INFO [main] org.apache.catalina.startup.Catalina.start Server startup in 380 ms
05-Mar-2022 14:55:20.559 INFO [main] org.apache.catalina.core.StandardServer.await A valid shutdown command was received via the shutdown port. Stopping the Server instance.
05-Mar-2022 14:55:20.560 INFO [main] org.apache.coyote.AbstractProtocol.pause Pausing ProtocolHandler ["http-nio-8080"]
05-Mar-2022 14:55:20.561 INFO [main] org.apache.catalina.core.StandardService.stopInternal Stopping service [Catalina]
05-Mar-2022 14:55:20.577 INFO [main] org.apache.coyote.AbstractProtocol.stop Stopping ProtocolHandler ["http-nio-8080"]
05-Mar-2022 14:55:20.587 INFO [main] org.apache.coyote.AbstractProtocol.destroy Destroying ProtocolHandler ["http-nio-8080"]
05-Mar-2022 14:55:23.558 INFO [main] org.apache.catalina.startup.VersionLoggerListener.log Server version name:   Apache Tomcat/8.5.76
05-Mar-2022 14:55:23.559 INFO [main] org.apache.catalina.startup.VersionLoggerListener.log Server built:          Feb 23 2022 17:59:11 UTC
05-Mar-2022 14:55:23.559 INFO [main] org.apache.catalina.startup.VersionLoggerListener.log Server version number: 8.5.76.0
05-Mar-2022 14:55:23.559 INFO [main] org.apache.catalina.startup.VersionLoggerListener.log OS Name:               Linux
05-Mar-2022 14:55:23.559 INFO [main] org.apache.catalina.startup.VersionLoggerListener.log OS Version:            5.11.22-100.fc32.x86_64
05-Mar-2022 14:55:23.559 INFO [main] org.apache.catalina.startup.VersionLoggerListener.log Architecture:          amd64
05-Mar-2022 14:55:23.560 INFO [main] org.apache.catalina.startup.VersionLoggerListener.log Java Home:             /usr/lib/jvm/java-1.8.0-openjdk-1.8.0.292.b10-0.fc32.x86_64/jre
05-Mar-2022 14:55:23.560 INFO [main] org.apache.catalina.startup.VersionLoggerListener.log JVM Version:           1.8.0_292-b10
05-Mar-2022 14:55:23.560 INFO [main] org.apache.catalina.startup.VersionLoggerListener.log JVM Vendor:            Red Hat, Inc.
05-Mar-2022 14:55:23.560 INFO [main] org.apache.catalina.startup.VersionLoggerListener.log CATALINA_BASE:         /home/pict/31238/te_assn/WTL/Assignment5/apache-tomcat-8.5.76
05-Mar-2022 14:55:23.560 INFO [main] org.apache.catalina.startup.VersionLoggerListener.log CATALINA_HOME:         /home/pict/31238/te_assn/WTL/Assignment5/apache-tomcat-8.5.76
05-Mar-2022 14:55:23.560 INFO [main] org.apache.catalina.startup.VersionLoggerListener.log Command line argument: -Djava.util.logging.config.file=/home/pict/31238/te_assn/WTL/Assignment5/apache-tomcat-8.5.76/conf/logging.properties
05-Mar-2022 14:55:23.560 INFO [main] org.apache.catalina.startup.VersionLoggerListener.log Command line argument: -Djava.util.logging.manager=org.apache.juli.ClassLoaderLogManager
05-Mar-2022 14:55:23.560 INFO [main] org.apache.catalina.startup.VersionLoggerListener.log Command line argument: -Djdk.tls.ephemeralDHKeySize=2048
05-Mar-2022 14:55:23.560 INFO [main] org.apache.catalina.startup.VersionLoggerListener.log Command line argument: -Djava.protocol.handler.pkgs=org.apache.catalina.webresources
05-Mar-2022 14:55:23.560 INFO [main] org.apache.catalina.startup.VersionLoggerListener.log Command line argument: -Dorg.apache.catalina.security.SecurityListener.UMASK=0027
05-Mar-2022 14:55:23.561 INFO [main] org.apache.catalina.startup.VersionLoggerListener.log Command line argument: -Dignore.endorsed.dirs=
05-Mar-2022 14:55:23.561 INFO [main] org.apache.catalina.startup.VersionLoggerListener.log Command line argument: -Dcatalina.base=/home/pict/31238/te_assn/WTL/Assignment5/apache-tomcat-8.5.76
05-Mar-2022 14:55:23.561 INFO [main] org.apache.catalina.startup.VersionLoggerListener.log Command line argument: -Dcatalina.home=/home/pict/31238/te_assn/WTL/Assignment5/apache-tomcat-8.5.76
05-Mar-2022 14:55:23.561 INFO [main] org.apache.catalina.startup.VersionLoggerListener.log Command line argument: -Djava.io.tmpdir=/home/pict/31238/te_assn/WTL/Assignment5/apache-tomcat-8.5.76/temp
05-Mar-2022 14:55:23.561 INFO [main] org.apache.catalina.core.AprLifecycleListener.lifecycleEvent The Apache Tomcat Native library which allows using OpenSSL was not found on the java.library.path: [/usr/java/packages/lib/amd64:/usr/lib64:/lib64:/lib:/usr/lib]
05-Mar-2022 14:55:23.606 INFO [main] org.apache.coyote.AbstractProtocol.init Initializing ProtocolHandler ["http-nio-8080"]
05-Mar-2022 14:55:23.621 INFO [main] org.apache.catalina.startup.Catalina.load Initialization processed in 396 ms
05-Mar-2022 14:55:23.642 INFO [main] org.apache.catalina.core.StandardService.startInternal Starting service [Catalina]
05-Mar-2022 14:55:23.642 INFO [main] org.apache.catalina.core.StandardEngine.startInternal Starting Servlet engine: [Apache Tomcat/8.5.76]
05-Mar-2022 14:55:23.648 INFO [localhost-startStop-1] org.apache.catalina.startup.HostConfig.deployDirectory Deploying web application directory [/home/pict/31238/te_assn/WTL/Assignment5/apache-tomcat-8.5.76/webapps/ROOT]
05-Mar-2022 14:55:23.819 INFO [localhost-startStop-1] org.apache.catalina.startup.HostConfig.deployDirectory Deployment of web application directory [/home/pict/31238/te_assn/WTL/Assignment5/apache-tomcat-8.5.76/webapps/ROOT] has finished in [171] ms
05-Mar-2022 14:55:23.820 INFO [localhost-startStop-1] org.apache.catalina.startup.HostConfig.deployDirectory Deploying web application directory [/home/pict/31238/te_assn/WTL/Assignment5/apache-tomcat-8.5.76/webapps/host-manager]
05-Mar-2022 14:55:23.842 INFO [localhost-startStop-1] org.apache.catalina.startup.HostConfig.deployDirectory Deployment of web application directory [/home/pict/31238/te_assn/WTL/Assignment5/apache-tomcat-8.5.76/webapps/host-manager] has finished in [22] ms
05-Mar-2022 14:55:23.843 INFO [localhost-startStop-1] org.apache.catalina.startup.HostConfig.deployDirectory Deploying web application directory [/home/pict/31238/te_assn/WTL/Assignment5/apache-tomcat-8.5.76/webapps/examples]
05-Mar-2022 14:55:23.976 INFO [localhost-startStop-1] org.apache.catalina.startup.HostConfig.deployDirectory Deployment of web application directory [/home/pict/31238/te_assn/WTL/Assignment5/apache-tomcat-8.5.76/webapps/examples] has finished in [133] ms
05-Mar-2022 14:55:23.976 INFO [localhost-startStop-1] org.apache.catalina.startup.HostConfig.deployDirectory Deploying web application directory [/home/pict/31238/te_assn/WTL/Assignment5/apache-tomcat-8.5.76/webapps/manager]
05-Mar-2022 14:55:23.987 INFO [localhost-startStop-1] org.apache.catalina.startup.HostConfig.deployDirectory Deployment of web application directory [/home/pict/31238/te_assn/WTL/Assignment5/apache-tomcat-8.5.76/webapps/manager] has finished in [11] ms
05-Mar-2022 14:55:23.988 INFO [localhost-startStop-1] org.apache.catalina.startup.HostConfig.deployDirectory Deploying web application directory [/home/pict/31238/te_assn/WTL/Assignment5/apache-tomcat-8.5.76/webapps/docs]
05-Mar-2022 14:55:23.995 INFO [localhost-startStop-1] org.apache.catalina.startup.HostConfig.deployDirectory Deployment of web application directory [/home/pict/31238/te_assn/WTL/Assignment5/apache-tomcat-8.5.76/webapps/docs] has finished in [7] ms
05-Mar-2022 14:55:23.997 INFO [main] org.apache.coyote.AbstractProtocol.start Starting ProtocolHandler ["http-nio-8080"]
05-Mar-2022 14:55:24.005 INFO [main] org.apache.catalina.startup.Catalina.start Server startup in 383 ms
